# JRE version: OpenJDK Runtime Environment Temurin-17.0.1+12 (17.0.1+12) (build 17.0.1+12)
# Java VM: OpenJDK 64-Bit Server VM Temurin-17.0.1+12 (17.0.1+12, mixed mode, sharing, tiered, compressed oops, compressed class ptrs, parallel gc, windows-amd64)
GC Precious Log:
 CPUs: 8 total, 8 available
 Memory: 16149M
 Large Page Support: Disabled
 NUMA Support: Disabled
 Compressed Oops: Enabled (32-bit)
 Alignments: Space 512K, Generation 512K, Heap 2M
 Heap Min Capacity: 100M
 Heap Initial Capacity: 100M
 Heap Max Capacity: 1G
 Pre-touch: Disabled
 Parallel Workers: 8
Heap:
 PSYoungGen      total 2048K, used 1476K [0x00000000eab00000, 0x00000000eaf00000, 0x0000000100000000)
  eden space 1536K, 83% used [0x00000000eab00000,0x00000000eac41098,0x00000000eac80000)
  from space 512K, 37% used [0x00000000eae00000,0x00000000eae30000,0x00000000eae80000)
  to   space 512K, 0% used [0x00000000eae80000,0x00000000eae80000,0x00000000eaf00000)
 ParOldGen       total 209920K, used 199551K [0x00000000c0000000, 0x00000000ccd00000, 0x00000000eab00000)
  object space 209920K, 95% used [0x00000000c0000000,0x00000000cc2dfde0,0x00000000ccd00000)
 Metaspace       used 54078K, committed 55040K, reserved 1105920K
  class space    used 5552K, committed 5952K, reserved 1048576K
GC Heap History (20 events):
Event: 115.277 GC heap before
{Heap before GC invocations=372 (full 15):
 PSYoungGen      total 2048K, used 1824K [0x00000000eab00000, 0x00000000eaf00000, 0x0000000100000000)
  eden space 1536K, 100% used [0x00000000eab00000,0x00000000eac80000,0x00000000eac80000)
  from space 512K, 56% used [0x00000000eae80000,0x00000000eaec8010,0x00000000eaf00000)
  to   space 512K, 0% used [0x00000000eae00000,0x00000000eae00000,0x00000000eae80000)
 ParOldGen       total 209920K, used 198399K [0x00000000c0000000, 0x00000000ccd00000, 0x00000000eab00000)
  object space 209920K, 94% used [0x00000000c0000000,0x00000000cc1bfdd0,0x00000000ccd00000)
 Metaspace       used 54078K, committed 55040K, reserved 1105920K
  class space    used 5552K, committed 5952K, reserved 1048576K
}
Event: 115.279 GC heap after
{Heap after GC invocations=372 (full 15):
 PSYoungGen      total 2048K, used 256K [0x00000000eab00000, 0x00000000eaf00000, 0x0000000100000000)
  eden space 1536K, 0% used [0x00000000eab00000,0x00000000eab00000,0x00000000eac80000)
  from space 512K, 50% used [0x00000000eae00000,0x00000000eae40010,0x00000000eae80000)
  to   space 512K, 0% used [0x00000000eae80000,0x00000000eae80000,0x00000000eaf00000)
 ParOldGen       total 209920K, used 198399K [0x00000000c0000000, 0x00000000ccd00000, 0x00000000eab00000)
  object space 209920K, 94% used [0x00000000c0000000,0x00000000cc1bfdd0,0x00000000ccd00000)
 Metaspace       used 54078K, committed 55040K, reserved 1105920K
  class space    used 5552K, committed 5952K, reserved 1048576K
}
Event: 115.395 GC heap before
{Heap before GC invocations=373 (full 15):
 PSYoungGen      total 2048K, used 1791K [0x00000000eab00000, 0x00000000eaf00000, 0x0000000100000000)
  eden space 1536K, 99% used [0x00000000eab00000,0x00000000eac7fc40,0x00000000eac80000)
  from space 512K, 50% used [0x00000000eae00000,0x00000000eae40010,0x00000000eae80000)
  to   space 512K, 0% used [0x00000000eae80000,0x00000000eae80000,0x00000000eaf00000)
 ParOldGen       total 209920K, used 198399K [0x00000000c0000000, 0x00000000ccd00000, 0x00000000eab00000)
  object space 209920K, 94% used [0x00000000c0000000,0x00000000cc1bfdd0,0x00000000ccd00000)
 Metaspace       used 54078K, committed 55040K, reserved 1105920K
  class space    used 5552K, committed 5952K, reserved 1048576K
}
Event: 115.396 GC heap after
{Heap after GC invocations=373 (full 15):
 PSYoungGen      total 2048K, used 256K [0x00000000eab00000, 0x00000000eaf00000, 0x0000000100000000)
  eden space 1536K, 0% used [0x00000000eab00000,0x00000000eab00000,0x00000000eac80000)
  from space 512K, 50% used [0x00000000eae80000,0x00000000eaec0010,0x00000000eaf00000)
  to   space 512K, 0% used [0x00000000eae00000,0x00000000eae00000,0x00000000eae80000)
 ParOldGen       total 209920K, used 198415K [0x00000000c0000000, 0x00000000ccd00000, 0x00000000eab00000)
  object space 209920K, 94% used [0x00000000c0000000,0x00000000cc1c3dd0,0x00000000ccd00000)
 Metaspace       used 54078K, committed 55040K, reserved 1105920K
  class space    used 5552K, committed 5952K, reserved 1048576K
}
Event: 115.486 GC heap before
{Heap before GC invocations=374 (full 15):
 PSYoungGen      total 2048K, used 1787K [0x00000000eab00000, 0x00000000eaf00000, 0x0000000100000000)
  eden space 1536K, 99% used [0x00000000eab00000,0x00000000eac7ef68,0x00000000eac80000)
  from space 512K, 50% used [0x00000000eae80000,0x00000000eaec0010,0x00000000eaf00000)
  to   space 512K, 0% used [0x00000000eae00000,0x00000000eae00000,0x00000000eae80000)
 ParOldGen       total 209920K, used 198415K [0x00000000c0000000, 0x00000000ccd00000, 0x00000000eab00000)
  object space 209920K, 94% used [0x00000000c0000000,0x00000000cc1c3dd0,0x00000000ccd00000)
 Metaspace       used 54078K, committed 55040K, reserved 1105920K
  class space    used 5552K, committed 5952K, reserved 1048576K
}
Event: 115.489 GC heap after
{Heap after GC invocations=374 (full 15):
 PSYoungGen      total 2048K, used 256K [0x00000000eab00000, 0x00000000eaf00000, 0x0000000100000000)
  eden space 1536K, 0% used [0x00000000eab00000,0x00000000eab00000,0x00000000eac80000)
  from space 512K, 50% used [0x00000000eae00000,0x00000000eae40020,0x00000000eae80000)
  to   space 512K, 0% used [0x00000000eae80000,0x00000000eae80000,0x00000000eaf00000)
 ParOldGen       total 209920K, used 198415K [0x00000000c0000000, 0x00000000ccd00000, 0x00000000eab00000)
  object space 209920K, 94% used [0x00000000c0000000,0x00000000cc1c3dd0,0x00000000ccd00000)
 Metaspace       used 54078K, committed 55040K, reserved 1105920K
  class space    used 5552K, committed 5952K, reserved 1048576K
}
Event: 115.575 GC heap before
{Heap before GC invocations=375 (full 15):
 PSYoungGen      total 2048K, used 1791K [0x00000000eab00000, 0x00000000eaf00000, 0x0000000100000000)
  eden space 1536K, 99% used [0x00000000eab00000,0x00000000eac7fc58,0x00000000eac80000)
  from space 512K, 50% used [0x00000000eae00000,0x00000000eae40020,0x00000000eae80000)
  to   space 512K, 0% used [0x00000000eae80000,0x00000000eae80000,0x00000000eaf00000)
 ParOldGen       total 209920K, used 198415K [0x00000000c0000000, 0x00000000ccd00000, 0x00000000eab00000)
  object space 209920K, 94% used [0x00000000c0000000,0x00000000cc1c3dd0,0x00000000ccd00000)
 Metaspace       used 54078K, committed 55040K, reserved 1105920K
  class space    used 5552K, committed 5952K, reserved 1048576K
}
Event: 115.576 GC heap after
{Heap after GC invocations=375 (full 15):
 PSYoungGen      total 2048K, used 288K [0x00000000eab00000, 0x00000000eaf00000, 0x0000000100000000)
  eden space 1536K, 0% used [0x00000000eab00000,0x00000000eab00000,0x00000000eac80000)
  from space 512K, 56% used [0x00000000eae80000,0x00000000eaec8020,0x00000000eaf00000)
  to   space 512K, 0% used [0x00000000eae00000,0x00000000eae00000,0x00000000eae80000)
 ParOldGen       total 209920K, used 198415K [0x00000000c0000000, 0x00000000ccd00000, 0x00000000eab00000)
  object space 209920K, 94% used [0x00000000c0000000,0x00000000cc1c3dd0,0x00000000ccd00000)
 Metaspace       used 54078K, committed 55040K, reserved 1105920K
  class space    used 5552K, committed 5952K, reserved 1048576K
}
Event: 115.634 GC heap before
{Heap before GC invocations=376 (full 15):
 PSYoungGen      total 2048K, used 1824K [0x00000000eab00000, 0x00000000eaf00000, 0x0000000100000000)
  eden space 1536K, 100% used [0x00000000eab00000,0x00000000eac80000,0x00000000eac80000)
  from space 512K, 56% used [0x00000000eae80000,0x00000000eaec8020,0x00000000eaf00000)
  to   space 512K, 0% used [0x00000000eae00000,0x00000000eae00000,0x00000000eae80000)
 ParOldGen       total 209920K, used 198415K [0x00000000c0000000, 0x00000000ccd00000, 0x00000000eab00000)
  object space 209920K, 94% used [0x00000000c0000000,0x00000000cc1c3dd0,0x00000000ccd00000)
 Metaspace       used 54078K, committed 55040K, reserved 1105920K
  class space    used 5552K, committed 5952K, reserved 1048576K
}
Event: 115.636 GC heap after
{Heap after GC invocations=376 (full 15):
 PSYoungGen      total 2048K, used 256K [0x00000000eab00000, 0x00000000eaf00000, 0x0000000100000000)
  eden space 1536K, 0% used [0x00000000eab00000,0x00000000eab00000,0x00000000eac80000)
  from space 512K, 50% used [0x00000000eae00000,0x00000000eae40020,0x00000000eae80000)
  to   space 512K, 0% used [0x00000000eae80000,0x00000000eae80000,0x00000000eaf00000)
 ParOldGen       total 209920K, used 198423K [0x00000000c0000000, 0x00000000ccd00000, 0x00000000eab00000)
  object space 209920K, 94% used [0x00000000c0000000,0x00000000cc1c5dd0,0x00000000ccd00000)
 Metaspace       used 54078K, committed 55040K, reserved 1105920K
  class space    used 5552K, committed 5952K, reserved 1048576K
}
Event: 115.709 GC heap before
{Heap before GC invocations=377 (full 15):
 PSYoungGen      total 2048K, used 1792K [0x00000000eab00000, 0x00000000eaf00000, 0x0000000100000000)
  eden space 1536K, 100% used [0x00000000eab00000,0x00000000eac80000,0x00000000eac80000)
  from space 512K, 50% used [0x00000000eae00000,0x00000000eae40020,0x00000000eae80000)
  to   space 512K, 0% used [0x00000000eae80000,0x00000000eae80000,0x00000000eaf00000)
 ParOldGen       total 209920K, used 198423K [0x00000000c0000000, 0x00000000ccd00000, 0x00000000eab00000)
  object space 209920K, 94% used [0x00000000c0000000,0x00000000cc1c5dd0,0x00000000ccd00000)
 Metaspace       used 54078K, committed 55040K, reserved 1105920K
  class space    used 5552K, committed 5952K, reserved 1048576K
}
Event: 115.711 GC heap after
{Heap after GC invocations=377 (full 15):
 PSYoungGen      total 2048K, used 320K [0x00000000eab00000, 0x00000000eaf00000, 0x0000000100000000)
  eden space 1536K, 0% used [0x00000000eab00000,0x00000000eab00000,0x00000000eac80000)
  from space 512K, 62% used [0x00000000eae80000,0x00000000eaed0020,0x00000000eaf00000)
  to   space 512K, 0% used [0x00000000eae00000,0x00000000eae00000,0x00000000eae80000)
 ParOldGen       total 209920K, used 198423K [0x00000000c0000000, 0x00000000ccd00000, 0x00000000eab00000)
  object space 209920K, 94% used [0x00000000c0000000,0x00000000cc1c5dd0,0x00000000ccd00000)
 Metaspace       used 54078K, committed 55040K, reserved 1105920K
  class space    used 5552K, committed 5952K, reserved 1048576K
}
Event: 115.784 GC heap before
{Heap before GC invocations=378 (full 15):
 PSYoungGen      total 2048K, used 1856K [0x00000000eab00000, 0x00000000eaf00000, 0x0000000100000000)
  eden space 1536K, 100% used [0x00000000eab00000,0x00000000eac80000,0x00000000eac80000)
  from space 512K, 62% used [0x00000000eae80000,0x00000000eaed0020,0x00000000eaf00000)
  to   space 512K, 0% used [0x00000000eae00000,0x00000000eae00000,0x00000000eae80000)
 ParOldGen       total 209920K, used 198423K [0x00000000c0000000, 0x00000000ccd00000, 0x00000000eab00000)
  object space 209920K, 94% used [0x00000000c0000000,0x00000000cc1c5dd0,0x00000000ccd00000)
 Metaspace       used 54078K, committed 55040K, reserved 1105920K
  class space    used 5552K, committed 5952K, reserved 1048576K
}
Event: 115.786 GC heap after
{Heap after GC invocations=378 (full 15):
 PSYoungGen      total 2048K, used 416K [0x00000000eab00000, 0x00000000eaf00000, 0x0000000100000000)
  eden space 1536K, 0% used [0x00000000eab00000,0x00000000eab00000,0x00000000eac80000)
  from space 512K, 81% used [0x00000000eae00000,0x00000000eae68020,0x00000000eae80000)
  to   space 512K, 0% used [0x00000000eae80000,0x00000000eae80000,0x00000000eaf00000)
 ParOldGen       total 209920K, used 198463K [0x00000000c0000000, 0x00000000ccd00000, 0x00000000eab00000)
  object space 209920K, 94% used [0x00000000c0000000,0x00000000cc1cfdd0,0x00000000ccd00000)
 Metaspace       used 54078K, committed 55040K, reserved 1105920K
  class space    used 5552K, committed 5952K, reserved 1048576K
}
Event: 115.870 GC heap before
{Heap before GC invocations=379 (full 15):
 PSYoungGen      total 2048K, used 1950K [0x00000000eab00000, 0x00000000eaf00000, 0x0000000100000000)
  eden space 1536K, 99% used [0x00000000eab00000,0x00000000eac7fb20,0x00000000eac80000)
  from space 512K, 81% used [0x00000000eae00000,0x00000000eae68020,0x00000000eae80000)
  to   space 512K, 0% used [0x00000000eae80000,0x00000000eae80000,0x00000000eaf00000)
 ParOldGen       total 209920K, used 198463K [0x00000000c0000000, 0x00000000ccd00000, 0x00000000eab00000)
  object space 209920K, 94% used [0x00000000c0000000,0x00000000cc1cfdd0,0x00000000ccd00000)
 Metaspace       used 54078K, committed 55040K, reserved 1105920K
  class space    used 5552K, committed 5952K, reserved 1048576K
}
Event: 115.872 GC heap after
{Heap after GC invocations=379 (full 15):
 PSYoungGen      total 2048K, used 256K [0x00000000eab00000, 0x00000000eaf00000, 0x0000000100000000)
  eden space 1536K, 0% used [0x00000000eab00000,0x00000000eab00000,0x00000000eac80000)
  from space 512K, 50% used [0x00000000eae80000,0x00000000eaec0020,0x00000000eaf00000)
  to   space 512K, 0% used [0x00000000eae00000,0x00000000eae00000,0x00000000eae80000)
 ParOldGen       total 209920K, used 198487K [0x00000000c0000000, 0x00000000ccd00000, 0x00000000eab00000)
  object space 209920K, 94% used [0x00000000c0000000,0x00000000cc1d5dd0,0x00000000ccd00000)
 Metaspace       used 54078K, committed 55040K, reserved 1105920K
  class space    used 5552K, committed 5952K, reserved 1048576K
}
Event: 115.954 GC heap before
{Heap before GC invocations=380 (full 15):
 PSYoungGen      total 2048K, used 1791K [0x00000000eab00000, 0x00000000eaf00000, 0x0000000100000000)
  eden space 1536K, 99% used [0x00000000eab00000,0x00000000eac7fcd8,0x00000000eac80000)
  from space 512K, 50% used [0x00000000eae80000,0x00000000eaec0020,0x00000000eaf00000)
  to   space 512K, 0% used [0x00000000eae00000,0x00000000eae00000,0x00000000eae80000)
 ParOldGen       total 209920K, used 198487K [0x00000000c0000000, 0x00000000ccd00000, 0x00000000eab00000)
  object space 209920K, 94% used [0x00000000c0000000,0x00000000cc1d5dd0,0x00000000ccd00000)
 Metaspace       used 54078K, committed 55040K, reserved 1105920K
  class space    used 5552K, committed 5952K, reserved 1048576K
}
Event: 115.956 GC heap after
{Heap after GC invocations=380 (full 15):
 PSYoungGen      total 2048K, used 320K [0x00000000eab00000, 0x00000000eaf00000, 0x0000000100000000)
  eden space 1536K, 0% used [0x00000000eab00000,0x00000000eab00000,0x00000000eac80000)
  from space 512K, 62% used [0x00000000eae00000,0x00000000eae50020,0x00000000eae80000)
  to   space 512K, 0% used [0x00000000eae80000,0x00000000eae80000,0x00000000eaf00000)
 ParOldGen       total 209920K, used 198495K [0x00000000c0000000, 0x00000000ccd00000, 0x00000000eab00000)
  object space 209920K, 94% used [0x00000000c0000000,0x00000000cc1d7dd0,0x00000000ccd00000)
 Metaspace       used 54078K, committed 55040K, reserved 1105920K
  class space    used 5552K, committed 5952K, reserved 1048576K
}
Event: 116.067 GC heap before
{Heap before GC invocations=381 (full 15):
 PSYoungGen      total 2048K, used 1856K [0x00000000eab00000, 0x00000000eaf00000, 0x0000000100000000)
  eden space 1536K, 100% used [0x00000000eab00000,0x00000000eac80000,0x00000000eac80000)
  from space 512K, 62% used [0x00000000eae00000,0x00000000eae50020,0x00000000eae80000)
  to   space 512K, 0% used [0x00000000eae80000,0x00000000eae80000,0x00000000eaf00000)
 ParOldGen       total 209920K, used 198495K [0x00000000c0000000, 0x00000000ccd00000, 0x00000000eab00000)
  object space 209920K, 94% used [0x00000000c0000000,0x00000000cc1d7dd0,0x00000000ccd00000)
 Metaspace       used 54078K, committed 55040K, reserved 1105920K
  class space    used 5552K, committed 5952K, reserved 1048576K
}
Event: 116.068 GC heap after
{Heap after GC invocations=381 (full 15):
 PSYoungGen      total 2048K, used 352K [0x00000000eab00000, 0x00000000eaf00000, 0x0000000100000000)
  eden space 1536K, 0% used [0x00000000eab00000,0x00000000eab00000,0x00000000eac80000)
  from space 512K, 68% used [0x00000000eae80000,0x00000000eaed8020,0x00000000eaf00000)
  to   space 512K, 0% used [0x00000000eae00000,0x00000000eae00000,0x00000000eae80000)
 ParOldGen       total 209920K, used 198503K [0x00000000c0000000, 0x00000000ccd00000, 0x00000000eab00000)
  object space 209920K, 94% used [0x00000000c0000000,0x00000000cc1d9dd0,0x00000000ccd00000)
 Metaspace       used 54078K, committed 55040K, reserved 1105920K
  class space    used 5552K, committed 5952K, reserved 1048576K
}

